12:38:12.468 [main] DEBUG org.apache.ibatis.logging.LogFactory - Logging initialized using 'class org.apache.ibatis.logging.slf4j.Slf4jImpl' adapter.
12:38:12.546 [main] DEBUG o.apache.ibatis.datasource.pooled.PooledDataSource - PooledDataSource forcefully closed/removed all connections.
12:38:12.546 [main] DEBUG o.apache.ibatis.datasource.pooled.PooledDataSource - PooledDataSource forcefully closed/removed all connections.
12:38:12.546 [main] DEBUG o.apache.ibatis.datasource.pooled.PooledDataSource - PooledDataSource forcefully closed/removed all connections.
12:38:12.547 [main] DEBUG o.apache.ibatis.datasource.pooled.PooledDataSource - PooledDataSource forcefully closed/removed all connections.
12:40:19.518 [main] DEBUG org.apache.ibatis.logging.LogFactory - Logging initialized using 'class org.apache.ibatis.logging.slf4j.Slf4jImpl' adapter.
12:40:19.537 [main] DEBUG o.apache.ibatis.datasource.pooled.PooledDataSource - PooledDataSource forcefully closed/removed all connections.
12:40:19.537 [main] DEBUG o.apache.ibatis.datasource.pooled.PooledDataSource - PooledDataSource forcefully closed/removed all connections.
12:40:19.537 [main] DEBUG o.apache.ibatis.datasource.pooled.PooledDataSource - PooledDataSource forcefully closed/removed all connections.
12:40:19.538 [main] DEBUG o.apache.ibatis.datasource.pooled.PooledDataSource - PooledDataSource forcefully closed/removed all connections.
12:40:19.889 [main] DEBUG org.apache.ibatis.transaction.jdbc.JdbcTransaction - Opening JDBC Connection
12:40:20.491 [main] DEBUG o.apache.ibatis.datasource.pooled.PooledDataSource - Created connection 963815509.
12:40:20.492 [main] DEBUG org.apache.ibatis.transaction.jdbc.JdbcTransaction - Setting autocommit to false on JDBC Connection [com.mysql.jdbc.JDBC4Connection@3972a855]
12:40:20.540 [main] DEBUG o.a.ibatis.demo.mapper.MyBlogMapper.selectBlog - ==>  Preparing: select * from Blog where id = 1 
12:40:20.628 [main] DEBUG o.a.ibatis.demo.mapper.MyBlogMapper.selectBlog - ==> Parameters: 
12:40:20.743 [main] DEBUG o.a.ibatis.demo.mapper.MyBlogMapper.selectBlog - <==      Total: 1
15:22:03.617 [main] DEBUG org.apache.ibatis.logging.LogFactory - Logging initialized using 'class org.apache.ibatis.logging.slf4j.Slf4jImpl' adapter.
15:22:03.690 [main] DEBUG o.apache.ibatis.datasource.pooled.PooledDataSource - PooledDataSource forcefully closed/removed all connections.
15:22:03.690 [main] DEBUG o.apache.ibatis.datasource.pooled.PooledDataSource - PooledDataSource forcefully closed/removed all connections.
15:22:03.690 [main] DEBUG o.apache.ibatis.datasource.pooled.PooledDataSource - PooledDataSource forcefully closed/removed all connections.
15:22:03.690 [main] DEBUG o.apache.ibatis.datasource.pooled.PooledDataSource - PooledDataSource forcefully closed/removed all connections.
15:38:25.139 [main] DEBUG org.apache.ibatis.transaction.jdbc.JdbcTransaction - Opening JDBC Connection
15:38:25.854 [main] DEBUG o.apache.ibatis.datasource.pooled.PooledDataSource - Created connection 2106165633.
15:38:25.855 [main] DEBUG org.apache.ibatis.transaction.jdbc.JdbcTransaction - Setting autocommit to false on JDBC Connection [com.mysql.jdbc.JDBC4Connection@7d898981]
15:38:25.922 [main] DEBUG o.a.ibatis.demo.mapper.MyBlogMapper.selectBlog - ==>  Preparing: select * from Blog where id = 1 
15:38:26.165 [main] DEBUG o.a.ibatis.demo.mapper.MyBlogMapper.selectBlog - ==> Parameters: 
15:38:26.405 [main] DEBUG o.a.ibatis.demo.mapper.MyBlogMapper.selectBlog - <==      Total: 1
15:55:57.389 [main] DEBUG org.apache.ibatis.logging.LogFactory - Logging initialized using 'class org.apache.ibatis.logging.slf4j.Slf4jImpl' adapter.
15:55:57.401 [main] DEBUG o.apache.ibatis.datasource.pooled.PooledDataSource - PooledDataSource forcefully closed/removed all connections.
15:55:57.402 [main] DEBUG o.apache.ibatis.datasource.pooled.PooledDataSource - PooledDataSource forcefully closed/removed all connections.
15:55:57.402 [main] DEBUG o.apache.ibatis.datasource.pooled.PooledDataSource - PooledDataSource forcefully closed/removed all connections.
15:55:57.402 [main] DEBUG o.apache.ibatis.datasource.pooled.PooledDataSource - PooledDataSource forcefully closed/removed all connections.
16:06:44.502 [main] DEBUG org.apache.ibatis.logging.LogFactory - Logging initialized using 'class org.apache.ibatis.logging.slf4j.Slf4jImpl' adapter.
16:06:44.512 [main] DEBUG o.apache.ibatis.datasource.pooled.PooledDataSource - PooledDataSource forcefully closed/removed all connections.
16:06:44.512 [main] DEBUG o.apache.ibatis.datasource.pooled.PooledDataSource - PooledDataSource forcefully closed/removed all connections.
16:06:44.513 [main] DEBUG o.apache.ibatis.datasource.pooled.PooledDataSource - PooledDataSource forcefully closed/removed all connections.
16:06:44.513 [main] DEBUG o.apache.ibatis.datasource.pooled.PooledDataSource - PooledDataSource forcefully closed/removed all connections.
16:14:19.451 [main] DEBUG org.apache.ibatis.transaction.jdbc.JdbcTransaction - Opening JDBC Connection
16:14:19.992 [main] DEBUG o.apache.ibatis.datasource.pooled.PooledDataSource - Created connection 2106165633.
16:14:19.992 [main] DEBUG org.apache.ibatis.transaction.jdbc.JdbcTransaction - Setting autocommit to false on JDBC Connection [com.mysql.jdbc.JDBC4Connection@7d898981]
16:14:20.005 [main] DEBUG o.a.ibatis.demo.mapper.MyBlogMapper.selectBlog - ==>  Preparing: select * from Blog where id = 1 
16:14:20.196 [main] DEBUG o.a.ibatis.demo.mapper.MyBlogMapper.selectBlog - ==> Parameters: 
16:14:20.366 [main] DEBUG o.a.ibatis.demo.mapper.MyBlogMapper.selectBlog - <==      Total: 1
